Build started 11/12/2014 3:21:03 AM.
     1>Project "C:\Users\Renan Cruz\Documents\GitHub\CIS425-Hw04\CIS425\Hw04\Hw04.vcxproj" on node 2 (Build target(s)).
     1>ClCompile:
         C:\Program Files (x86)\Microsoft Visual Studio 12.0\VC\bin\CL.exe /c /ZI /nologo /W3 /WX- /Od /Oy- /D WIN32 /D _DEBUG /D _CONSOLE /D _LIB /D _UNICODE /D UNICODE /Gm /EHsc /RTC1 /MDd /GS /fp:precise /Zc:wchar_t /Zc:forScope /Fo"Debug\\" /Fd"Debug\vc120.pdb" /Gd /TP /analyze- /errorReport:prompt Source.cpp
         Source.cpp
     1>c:\users\renan cruz\documents\github\cis425-hw04\cis425\hw04\source.cpp(413): error C2181: illegal else without matching if
     1>Done Building Project "C:\Users\Renan Cruz\Documents\GitHub\CIS425-Hw04\CIS425\Hw04\Hw04.vcxproj" (Build target(s)) -- FAILED.

Build FAILED.

Time Elapsed 00:00:01.28
