Build started 11/20/2014 2:40:25 PM.
     1>Project "C:\Users\Renan Cruz\Documents\GitHub\CIS-425\CIS425\FinalProject\FinalProject.vcxproj" on node 2 (Build target(s)).
     1>ClCompile:
         C:\Program Files (x86)\Microsoft Visual Studio 12.0\VC\bin\CL.exe /c /ZI /nologo /W3 /WX- /Od /Oy- /D WIN32 /D _DEBUG /D _CONSOLE /D _LIB /D _UNICODE /D UNICODE /Gm /EHsc /RTC1 /MDd /GS /fp:precise /Zc:wchar_t /Zc:forScope /Fo"Debug\\" /Fd"Debug\vc120.pdb" /Gd /TP /analyze- /errorReport:prompt Main.cpp Panther.cpp Panzer.cpp Tank.cpp Tiger.cpp
         Tank.cpp
         Panzer.cpp
     1>c:\users\renan cruz\documents\github\cis-425\cis425\finalproject\panzer.cpp(4): error C2661: 'Tank::Tank' : no overloaded function takes 5 arguments
         Generating Code...
         Compiling...
         Tiger.cpp
     1>c:\users\renan cruz\documents\github\cis-425\cis425\finalproject\tiger.cpp(4): error C2661: 'Tank::Tank' : no overloaded function takes 5 arguments
         Panther.cpp
     1>c:\users\renan cruz\documents\github\cis-425\cis425\finalproject\panther.cpp(4): error C2661: 'Tank::Tank' : no overloaded function takes 5 arguments
         Generating Code...
         Skipping... (no relevant changes detected)
         Main.cpp
     1>Done Building Project "C:\Users\Renan Cruz\Documents\GitHub\CIS-425\CIS425\FinalProject\FinalProject.vcxproj" (Build target(s)) -- FAILED.

Build FAILED.

Time Elapsed 00:00:00.93
